<?xml version="1.0" encoding="utf-8"?><testsuites name="pytest tests"><testsuite name="pytest" errors="0" failures="0" skipped="0" tests="20" time="0.847" timestamp="2026-01-28T00:50:39.050894+00:00" hostname="agent-env-694b9951-9fac-48c4-a8e2-94354a669201"><testcase classname="backend.tests.test_reviews_related_email.TestHealthCheck" name="test_api_root" time="0.073" /><testcase classname="backend.tests.test_reviews_related_email.TestProductReviewsAPI" name="test_get_reviews_for_product" time="0.053" /><testcase classname="backend.tests.test_reviews_related_email.TestProductReviewsAPI" name="test_get_reviews_nonexistent_product" time="0.015" /><testcase classname="backend.tests.test_reviews_related_email.TestProductReviewsAPI" name="test_create_review_success" time="0.065" /><testcase classname="backend.tests.test_reviews_related_email.TestProductReviewsAPI" name="test_create_review_duplicate_blocked" time="0.100" /><testcase classname="backend.tests.test_reviews_related_email.TestProductReviewsAPI" name="test_create_review_invalid_rating" time="0.008" /><testcase classname="backend.tests.test_reviews_related_email.TestProductReviewsAPI" name="test_create_review_nonexistent_product" time="0.049" /><testcase classname="backend.tests.test_reviews_related_email.TestProductReviewsAPI" name="test_delete_review_success" time="0.064" /><testcase classname="backend.tests.test_reviews_related_email.TestProductReviewsAPI" name="test_delete_review_unauthorized" time="0.049" /><testcase classname="backend.tests.test_reviews_related_email.TestRelatedProductsAPI" name="test_get_related_products" time="0.010" /><testcase classname="backend.tests.test_reviews_related_email.TestRelatedProductsAPI" name="test_get_related_products_with_limit" time="0.010" /><testcase classname="backend.tests.test_reviews_related_email.TestRelatedProductsAPI" name="test_get_related_products_nonexistent" time="0.009" /><testcase classname="backend.tests.test_reviews_related_email.TestRelatedProductsAPI" name="test_related_products_same_category_or_brand" time="0.023" /><testcase classname="backend.tests.test_reviews_related_email.TestEmailNotificationsAPI" name="test_send_order_confirmation_success" time="0.099" /><testcase classname="backend.tests.test_reviews_related_email.TestEmailNotificationsAPI" name="test_send_order_confirmation_nonexistent" time="0.008" /><testcase classname="backend.tests.test_reviews_related_email.TestEmailNotificationsAPI" name="test_test_email_endpoint" time="0.007" /><testcase classname="backend.tests.test_reviews_related_email.TestProductEndpoints" name="test_get_product_by_id" time="0.050" /><testcase classname="backend.tests.test_reviews_related_email.TestProductEndpoints" name="test_get_all_products" time="0.014" /><testcase classname="backend.tests.test_reviews_related_email.TestAuthEndpoints" name="test_login_success" time="0.049" /><testcase classname="backend.tests.test_reviews_related_email.TestAuthEndpoints" name="test_login_invalid_credentials" time="0.009" /></testsuite></testsuites>